<?xml version="1.0" encoding="UTF-8"?>
<robot generator="Robot 6.0.2 (Python 3.11.3 on win32)" generated="20230601 14:28:50.317" rpa="false" schemaversion="3">
<suite id="s1" name="Apps main" source="C:\Users\Kirnesh.Walunj\OneDrive - Reliance Corporate IT Park Limited\Desktop\Demo Jio.com automation\Tests\Apps\Apps_main.robot">
<kw name="Begin Test" library="Common" type="SETUP">
<kw name="Open Browser" library="SeleniumLibrary">
<arg>https://www.jio.com/</arg>
<arg>edge</arg>
<doc>Opens a new browser instance to the optional ``url``.</doc>
<msg timestamp="20230601 14:28:51.006" level="INFO">Opening browser 'edge' to base url 'https://www.jio.com/'.</msg>
<msg timestamp="20230601 14:28:51.015" level="INFO">Applicable driver not found; attempting to install with Selenium Manager (Beta)</msg>
<status status="PASS" starttime="20230601 14:28:51.006" endtime="20230601 14:28:56.779"/>
</kw>
<kw name="Set Selenium Speed" library="SeleniumLibrary">
<arg>1s</arg>
<doc>Sets the delay that is waited after each Selenium command.</doc>
<status status="PASS" starttime="20230601 14:28:56.780" endtime="20230601 14:28:56.780"/>
</kw>
<kw name="Maximize Browser Window" library="SeleniumLibrary">
<doc>Maximizes current browser window.</doc>
<status status="PASS" starttime="20230601 14:28:56.780" endtime="20230601 14:28:58.197"/>
</kw>
<status status="PASS" starttime="20230601 14:28:51.005" endtime="20230601 14:28:58.197"/>
</kw>
<test id="s1-t1" name="Content Validation of Homepage" line="16">
<kw name="Verifying Content of Navbar" library="Homie">
<kw name="Reading Data of Home Page from Excel" library="ExcelActivity">
<kw name="Open Excel Document" library="ExcelLibrary">
<arg>C:/Users/Kirnesh.Walunj/OneDrive - Reliance Corporate IT Park Limited/Desktop/Demo Jio.com automation/Resources/workbook.xlsx</arg>
<arg>Sheet1</arg>
<doc>Opens xlsx document file.</doc>
<status status="PASS" starttime="20230601 14:28:58.199" endtime="20230601 14:28:58.206"/>
</kw>
<kw name="Read Excel Cell" library="ExcelLibrary">
<var>${navbarcontent}</var>
<arg>1</arg>
<arg>1</arg>
<arg>Sheet1</arg>
<doc>Returns content of a cell.</doc>
<msg timestamp="20230601 14:28:58.206" level="INFO">${navbarcontent} = Mobile;True 5G;JioFiber;Business;Shop;Apps;Support</msg>
<status status="PASS" starttime="20230601 14:28:58.206" endtime="20230601 14:28:58.206"/>
</kw>
<kw name="Log To Console" library="BuiltIn">
<arg>${navbarcontent}</arg>
<doc>Logs the given message to the console.</doc>
<status status="PASS" starttime="20230601 14:28:58.207" endtime="20230601 14:28:58.207"/>
</kw>
<kw name="Split String" library="String">
<var>${navbarcontent}</var>
<arg>${navbarcontent}</arg>
<arg>;</arg>
<doc>Splits the ``string`` using ``separator`` as a delimiter string.</doc>
<msg timestamp="20230601 14:28:58.208" level="INFO">${navbarcontent} = ['Mobile', 'True 5G', 'JioFiber', 'Business', 'Shop', 'Apps', 'Support']</msg>
<status status="PASS" starttime="20230601 14:28:58.207" endtime="20230601 14:28:58.208"/>
</kw>
<kw name="Log To Console" library="BuiltIn">
<arg>${navbarcontent}</arg>
<doc>Logs the given message to the console.</doc>
<status status="PASS" starttime="20230601 14:28:58.208" endtime="20230601 14:28:58.208"/>
</kw>
<kw name="Set Global Variable" library="BuiltIn">
<arg>${navbarcontent}</arg>
<arg>${navbarcontent}</arg>
<doc>Makes a variable available globally in all tests and suites.</doc>
<msg timestamp="20230601 14:28:58.208" level="INFO">${navbarcontent} = ['Mobile', 'True 5G', 'JioFiber', 'Business', 'Shop', 'Apps', 'Support']</msg>
<status status="PASS" starttime="20230601 14:28:58.208" endtime="20230601 14:28:58.209"/>
</kw>
<status status="PASS" starttime="20230601 14:28:58.198" endtime="20230601 14:28:58.209"/>
</kw>
<for flavor="IN RANGE">
<var>${content}</var>
<value>0</value>
<value>7</value>
<iter>
<var name="${content}">0</var>
<kw name="Element Text Should Be" library="SeleniumLibrary">
<arg>xpath://nav[@id='firstlevel-nav']//descendant::a[${content+1}]</arg>
<arg>${navbarcontent[${content}]}</arg>
<doc>Verifies that element ``locator`` contains exact the text ``expected``.</doc>
<msg timestamp="20230601 14:28:58.211" level="INFO">Verifying element 'xpath://nav[@id='firstlevel-nav']//descendant::a[1]' contains exact text 'Mobile'.</msg>
<status status="PASS" starttime="20230601 14:28:58.209" endtime="20230601 14:29:00.335"/>
</kw>
<status status="PASS" starttime="20230601 14:28:58.209" endtime="20230601 14:29:00.335"/>
</iter>
<iter>
<var name="${content}">1</var>
<kw name="Element Text Should Be" library="SeleniumLibrary">
<arg>xpath://nav[@id='firstlevel-nav']//descendant::a[${content+1}]</arg>
<arg>${navbarcontent[${content}]}</arg>
<doc>Verifies that element ``locator`` contains exact the text ``expected``.</doc>
<msg timestamp="20230601 14:29:00.336" level="INFO">Verifying element 'xpath://nav[@id='firstlevel-nav']//descendant::a[2]' contains exact text 'True 5G'.</msg>
<status status="PASS" starttime="20230601 14:29:00.335" endtime="20230601 14:29:02.395"/>
</kw>
<status status="PASS" starttime="20230601 14:29:00.335" endtime="20230601 14:29:02.395"/>
</iter>
<iter>
<var name="${content}">2</var>
<kw name="Element Text Should Be" library="SeleniumLibrary">
<arg>xpath://nav[@id='firstlevel-nav']//descendant::a[${content+1}]</arg>
<arg>${navbarcontent[${content}]}</arg>
<doc>Verifies that element ``locator`` contains exact the text ``expected``.</doc>
<msg timestamp="20230601 14:29:02.397" level="INFO">Verifying element 'xpath://nav[@id='firstlevel-nav']//descendant::a[3]' contains exact text 'JioFiber'.</msg>
<status status="PASS" starttime="20230601 14:29:02.395" endtime="20230601 14:29:04.424"/>
</kw>
<status status="PASS" starttime="20230601 14:29:02.395" endtime="20230601 14:29:04.424"/>
</iter>
<iter>
<var name="${content}">3</var>
<kw name="Element Text Should Be" library="SeleniumLibrary">
<arg>xpath://nav[@id='firstlevel-nav']//descendant::a[${content+1}]</arg>
<arg>${navbarcontent[${content}]}</arg>
<doc>Verifies that element ``locator`` contains exact the text ``expected``.</doc>
<msg timestamp="20230601 14:29:04.425" level="INFO">Verifying element 'xpath://nav[@id='firstlevel-nav']//descendant::a[4]' contains exact text 'Business'.</msg>
<status status="PASS" starttime="20230601 14:29:04.424" endtime="20230601 14:29:06.453"/>
</kw>
<status status="PASS" starttime="20230601 14:29:04.424" endtime="20230601 14:29:06.453"/>
</iter>
<iter>
<var name="${content}">4</var>
<kw name="Element Text Should Be" library="SeleniumLibrary">
<arg>xpath://nav[@id='firstlevel-nav']//descendant::a[${content+1}]</arg>
<arg>${navbarcontent[${content}]}</arg>
<doc>Verifies that element ``locator`` contains exact the text ``expected``.</doc>
<msg timestamp="20230601 14:29:06.454" level="INFO">Verifying element 'xpath://nav[@id='firstlevel-nav']//descendant::a[5]' contains exact text 'Shop'.</msg>
<status status="PASS" starttime="20230601 14:29:06.453" endtime="20230601 14:29:08.485"/>
</kw>
<status status="PASS" starttime="20230601 14:29:06.453" endtime="20230601 14:29:08.485"/>
</iter>
<iter>
<var name="${content}">5</var>
<kw name="Element Text Should Be" library="SeleniumLibrary">
<arg>xpath://nav[@id='firstlevel-nav']//descendant::a[${content+1}]</arg>
<arg>${navbarcontent[${content}]}</arg>
<doc>Verifies that element ``locator`` contains exact the text ``expected``.</doc>
<msg timestamp="20230601 14:29:08.486" level="INFO">Verifying element 'xpath://nav[@id='firstlevel-nav']//descendant::a[6]' contains exact text 'Apps'.</msg>
<status status="PASS" starttime="20230601 14:29:08.485" endtime="20230601 14:29:10.516"/>
</kw>
<status status="PASS" starttime="20230601 14:29:08.485" endtime="20230601 14:29:10.516"/>
</iter>
<iter>
<var name="${content}">6</var>
<kw name="Element Text Should Be" library="SeleniumLibrary">
<arg>xpath://nav[@id='firstlevel-nav']//descendant::a[${content+1}]</arg>
<arg>${navbarcontent[${content}]}</arg>
<doc>Verifies that element ``locator`` contains exact the text ``expected``.</doc>
<msg timestamp="20230601 14:29:10.518" level="INFO">Verifying element 'xpath://nav[@id='firstlevel-nav']//descendant::a[7]' contains exact text 'Support'.</msg>
<status status="PASS" starttime="20230601 14:29:10.516" endtime="20230601 14:29:12.552"/>
</kw>
<status status="PASS" starttime="20230601 14:29:10.516" endtime="20230601 14:29:12.552"/>
</iter>
<status status="PASS" starttime="20230601 14:28:58.209" endtime="20230601 14:29:12.552"/>
</for>
<status status="PASS" starttime="20230601 14:28:58.198" endtime="20230601 14:29:12.552"/>
</kw>
<status status="PASS" starttime="20230601 14:28:58.197" endtime="20230601 14:29:12.552"/>
</test>
<test id="s1-t2" name="Go to Apps section" line="20">
<kw name="Going to Apps" library="appp">
<kw name="Click Link" library="SeleniumLibrary">
<arg>Apps</arg>
<doc>Clicks a link identified by ``locator``.</doc>
<msg timestamp="20230601 14:29:12.554" level="INFO">Clicking link 'Apps'.</msg>
<status status="PASS" starttime="20230601 14:29:12.554" endtime="20230601 14:29:17.416"/>
</kw>
<status status="PASS" starttime="20230601 14:29:12.554" endtime="20230601 14:29:17.416"/>
</kw>
<status status="PASS" starttime="20230601 14:29:12.553" endtime="20230601 14:29:17.416"/>
</test>
<test id="s1-t3" name="Validation of Apps Page" line="23">
<kw name="Validate Apps URL" library="appp">
<kw name="Location Should Be" library="SeleniumLibrary">
<arg>${APPSURL}</arg>
<doc>Verifies that the current URL is exactly ``url``.</doc>
<msg timestamp="20230601 14:29:18.423" level="INFO">Current location is 'https://www.jio.com/jcms/apps/'.</msg>
<status status="PASS" starttime="20230601 14:29:17.418" endtime="20230601 14:29:18.423"/>
</kw>
<status status="PASS" starttime="20230601 14:29:17.418" endtime="20230601 14:29:18.423"/>
</kw>
<status status="PASS" starttime="20230601 14:29:17.417" endtime="20230601 14:29:18.423"/>
</test>
<kw name="End Test" library="Common" type="TEARDOWN">
<kw name="Sleep" library="BuiltIn">
<arg>5s</arg>
<doc>Pauses the test executed for the given time.</doc>
<msg timestamp="20230601 14:29:23.427" level="INFO">Slept 5 seconds</msg>
<status status="PASS" starttime="20230601 14:29:18.425" endtime="20230601 14:29:23.427"/>
</kw>
<kw name="Close Browser" library="SeleniumLibrary">
<doc>Closes the current browser.</doc>
<status status="PASS" starttime="20230601 14:29:23.427" endtime="20230601 14:29:26.510"/>
</kw>
<status status="PASS" starttime="20230601 14:29:18.425" endtime="20230601 14:29:26.510"/>
</kw>
<status status="PASS" starttime="20230601 14:28:50.323" endtime="20230601 14:29:26.510"/>
</suite>
<statistics>
<total>
<stat pass="3" fail="0" skip="0">All Tests</stat>
</total>
<tag>
</tag>
<suite>
<stat pass="3" fail="0" skip="0" id="s1" name="Apps main">Apps main</stat>
</suite>
</statistics>
<errors>
</errors>
</robot>
